{"/Users/vitaliyisikov/projects/event-bus/src/event-bus.ts": {"path":"/Users/vitaliyisikov/projects/event-bus/src/event-bus.ts","statementMap":{"0":{"start":{"line":13,"column":19},"end":{"line":13,"column":60}},"1":{"start":{"line":14,"column":19},"end":{"line":14,"column":62}},"2":{"start":{"line":22,"column":9},"end":{"line":25,"column":3}},"3":{"start":{"line":23,"column":4},"end":{"line":23,"column":64}},"4":{"start":{"line":23,"column":41},"end":{"line":23,"column":63}},"5":{"start":{"line":24,"column":4},"end":{"line":24,"column":66}},"6":{"start":{"line":24,"column":39},"end":{"line":24,"column":65}},"7":{"start":{"line":27,"column":9},"end":{"line":32,"column":3}},"8":{"start":{"line":28,"column":4},"end":{"line":28,"column":26}},"9":{"start":{"line":29,"column":4},"end":{"line":31,"column":5}},"10":{"start":{"line":30,"column":6},"end":{"line":30,"column":31}},"11":{"start":{"line":34,"column":9},"end":{"line":36,"column":3}},"12":{"start":{"line":35,"column":4},"end":{"line":35,"column":43}},"13":{"start":{"line":17,"column":4},"end":{"line":17,"column":83}},"14":{"start":{"line":17,"column":39},"end":{"line":17,"column":83}},"15":{"start":{"line":19,"column":4},"end":{"line":19,"column":52}},"16":{"start":{"line":39,"column":30},"end":{"line":41,"column":5}},"17":{"start":{"line":40,"column":6},"end":{"line":40,"column":31}},"18":{"start":{"line":43,"column":4},"end":{"line":43,"column":27}},"19":{"start":{"line":44,"column":4},"end":{"line":44,"column":23}},"20":{"start":{"line":45,"column":4},"end":{"line":45,"column":31}},"21":{"start":{"line":47,"column":4},"end":{"line":47,"column":14}},"22":{"start":{"line":12,"column":0},"end":{"line":49,"column":1}}},"fnMap":{"0":{"name":"(anonymous_0)","decl":{"start":{"line":12,"column":0},"end":{"line":null,"column":-1}},"loc":{"start":{"line":12,"column":0},"end":{"line":49,"column":1}}},"1":{"name":"(anonymous_1)","decl":{"start":{"line":22,"column":16},"end":{"line":22,"column":26}},"loc":{"start":{"line":22,"column":46},"end":{"line":25,"column":3}}},"2":{"name":"(anonymous_2)","decl":{"start":{"line":23,"column":27},"end":{"line":23,"column":28}},"loc":{"start":{"line":23,"column":41},"end":{"line":23,"column":63}}},"3":{"name":"(anonymous_3)","decl":{"start":{"line":24,"column":26},"end":{"line":24,"column":27}},"loc":{"start":{"line":24,"column":39},"end":{"line":24,"column":65}}},"4":{"name":"(anonymous_4)","decl":{"start":{"line":27,"column":18},"end":{"line":27,"column":28}},"loc":{"start":{"line":27,"column":52},"end":{"line":32,"column":3}}},"5":{"name":"(anonymous_5)","decl":{"start":{"line":29,"column":11},"end":{"line":29,"column":13}},"loc":{"start":{"line":29,"column":16},"end":{"line":31,"column":5}}},"6":{"name":"(anonymous_6)","decl":{"start":{"line":34,"column":20},"end":{"line":34,"column":22}},"loc":{"start":{"line":34,"column":25},"end":{"line":36,"column":3}}},"7":{"name":"(anonymous_7)","decl":{"start":{"line":16,"column":9},"end":{"line":16,"column":11}},"loc":{"start":{"line":16,"column":30},"end":{"line":20,"column":3}}},"8":{"name":"(anonymous_8)","decl":{"start":{"line":38,"column":10},"end":{"line":38,"column":15}},"loc":{"start":{"line":38,"column":30},"end":{"line":48,"column":3}}},"9":{"name":"(anonymous_9)","decl":{"start":{"line":39,"column":30},"end":{"line":39,"column":38}},"loc":{"start":{"line":39,"column":56},"end":{"line":41,"column":5}}}},"branchMap":{"0":{"loc":{"start":{"line":17,"column":4},"end":{"line":17,"column":83}},"type":"if","locations":[{"start":{"line":17,"column":4},"end":{"line":17,"column":83}},{"start":{"line":17,"column":4},"end":{"line":17,"column":83}}]}},"s":{"0":55,"1":55,"2":55,"3":28,"4":14,"5":28,"6":14,"7":55,"8":12,"9":12,"10":1,"11":55,"12":3,"13":52,"14":43,"15":52,"16":52,"17":28,"18":52,"19":52,"20":52,"21":52,"22":1},"f":{"0":55,"1":28,"2":14,"3":14,"4":12,"5":1,"6":3,"7":52,"8":52,"9":28},"b":{"0":[43,9]}}
}
