TN:
SF:/Users/vitaliyisikov/projects/event-bus/src/event-bus.ts
FN:12,(anonymous_0)
FN:22,(anonymous_1)
FN:23,(anonymous_2)
FN:24,(anonymous_3)
FN:27,(anonymous_4)
FN:29,(anonymous_5)
FN:34,(anonymous_6)
FN:16,(anonymous_7)
FN:38,(anonymous_8)
FN:39,(anonymous_9)
FNF:10
FNH:10
FNDA:55,(anonymous_0)
FNDA:28,(anonymous_1)
FNDA:14,(anonymous_2)
FNDA:14,(anonymous_3)
FNDA:12,(anonymous_4)
FNDA:1,(anonymous_5)
FNDA:3,(anonymous_6)
FNDA:52,(anonymous_7)
FNDA:52,(anonymous_8)
FNDA:28,(anonymous_9)
DA:12,1
DA:13,55
DA:14,55
DA:17,52
DA:19,52
DA:22,55
DA:23,28
DA:24,28
DA:27,55
DA:28,12
DA:29,12
DA:30,1
DA:34,55
DA:35,3
DA:39,52
DA:40,28
DA:43,52
DA:44,52
DA:45,52
DA:47,52
LF:20
LH:20
BRDA:17,0,0,43
BRDA:17,0,1,9
BRF:2
BRH:2
end_of_record
